mar. 11, 2025 2:07:46 AM liquibase.changelog
INFO: Reading resource: db/changelog/migrations/db.changelog-202503071148.sql
mar. 11, 2025 2:07:46 AM liquibase.changelog
INFO: Reading resource: db/changelog/migrations/db.changelog-202503071657.sql
mar. 11, 2025 2:07:46 AM liquibase.changelog
INFO: Reading resource: db/changelog/migrations/db.changelog-202503071713.sql
mar. 11, 2025 2:07:46 AM liquibase.changelog
INFO: Reading resource: db/changelog/migrations/db.changelog-202503071716.sql
mar. 11, 2025 2:07:46 AM liquibase.changelog
INFO: Reading from board.DATABASECHANGELOG
Database is up to date, no changesets to execute
mar. 11, 2025 2:07:46 AM liquibase.changelog
INFO: Reading from board.DATABASECHANGELOG

UPDATE SUMMARY
Run:                          0
Previously run:               4
Filtered out:                 0
-------------------------------
Total change sets:            4

mar. 11, 2025 2:07:46 AM liquibase.util
INFO: UPDATE SUMMARY
mar. 11, 2025 2:07:46 AM liquibase.util
INFO: Run:                          0
mar. 11, 2025 2:07:46 AM liquibase.util
INFO: Previously run:               4
mar. 11, 2025 2:07:46 AM liquibase.util
INFO: Filtered out:                 0
mar. 11, 2025 2:07:46 AM liquibase.util
INFO: -------------------------------
mar. 11, 2025 2:07:46 AM liquibase.util
INFO: Total change sets:            4
mar. 11, 2025 2:07:46 AM liquibase.util
INFO: Update summary generated
mar. 11, 2025 2:07:46 AM liquibase.lockservice
INFO: Successfully released change log lock
mar. 11, 2025 2:07:46 AM liquibase.command
INFO: Command execution complete
